   1              		.cpu cortex-m0
   2              		.fpu softvfp
   3              		.eabi_attribute 20, 1
   4              		.eabi_attribute 21, 1
   5              		.eabi_attribute 23, 3
   6              		.eabi_attribute 24, 1
   7              		.eabi_attribute 25, 1
   8              		.eabi_attribute 26, 1
   9              		.eabi_attribute 30, 6
  10              		.eabi_attribute 34, 0
  11              		.eabi_attribute 18, 4
  12              		.code	16
  13              		.file	"BitIoLdd1.c"
  14              		.text
  15              	.Ltext0:
  16              		.cfi_sections	.debug_frame
  17              		.section	.bss.DeviceDataPrv__DEFAULT_RTOS_ALLOC,"aw",%nobits
  18              		.align	2
  21              	DeviceDataPrv__DEFAULT_RTOS_ALLOC:
  22 0000 00000000 		.space	4
  23              		.section	.text.BitIoLdd1_Init,"ax",%progbits
  24              		.align	2
  25              		.global	BitIoLdd1_Init
  26              		.code	16
  27              		.thumb_func
  29              	BitIoLdd1_Init:
  30              	.LFB0:
  31              		.file 1 "../Generated_Code/BitIoLdd1.c"
   1:../Generated_Code/BitIoLdd1.c **** /** ###################################################################
   2:../Generated_Code/BitIoLdd1.c **** **     THIS COMPONENT MODULE IS GENERATED BY THE TOOL. DO NOT MODIFY IT.
   3:../Generated_Code/BitIoLdd1.c **** **     Filename    : BitIoLdd1.c
   4:../Generated_Code/BitIoLdd1.c **** **     Project     : ProcessorExpert
   5:../Generated_Code/BitIoLdd1.c **** **     Processor   : MKL25Z128VLK4
   6:../Generated_Code/BitIoLdd1.c **** **     Component   : BitIO_LDD
   7:../Generated_Code/BitIoLdd1.c **** **     Version     : Component 01.031, Driver 01.00, CPU db: 3.00.000
   8:../Generated_Code/BitIoLdd1.c **** **     Compiler    : GNU C Compiler
   9:../Generated_Code/BitIoLdd1.c **** **     Date/Time   : 2013-05-20, 16:31, # CodeGen: 74
  10:../Generated_Code/BitIoLdd1.c **** **     Abstract    :
  11:../Generated_Code/BitIoLdd1.c **** **         The HAL BitIO component provides a low level API for unified
  12:../Generated_Code/BitIoLdd1.c **** **         access to general purpose digital input/output pins across
  13:../Generated_Code/BitIoLdd1.c **** **         various device designs.
  14:../Generated_Code/BitIoLdd1.c **** **
  15:../Generated_Code/BitIoLdd1.c **** **         RTOS drivers using HAL BitIO API are simpler and more
  16:../Generated_Code/BitIoLdd1.c **** **         portable to various microprocessors.
  17:../Generated_Code/BitIoLdd1.c **** **     Settings    :
  18:../Generated_Code/BitIoLdd1.c **** **          Component name                                 : BitIoLdd1
  19:../Generated_Code/BitIoLdd1.c **** **          Pin for I/O                                    : PTC3/LLWU_P7/UART1_RX/TPM0_CH2/CLKOUTa
  20:../Generated_Code/BitIoLdd1.c **** **          Pin signal                                     : 
  21:../Generated_Code/BitIoLdd1.c **** **          Direction                                      : Input
  22:../Generated_Code/BitIoLdd1.c **** **          Initialization                                 : 
  23:../Generated_Code/BitIoLdd1.c **** **            Init. direction                              : Input
  24:../Generated_Code/BitIoLdd1.c **** **            Init. value                                  : 0
  25:../Generated_Code/BitIoLdd1.c **** **            Auto Initialization                          : yes
  26:../Generated_Code/BitIoLdd1.c **** **          Safe mode                                      : yes
  27:../Generated_Code/BitIoLdd1.c **** **     Contents    :
  28:../Generated_Code/BitIoLdd1.c **** **         Init   - LDD_TDeviceData* BitIoLdd1_Init(LDD_TUserData *UserDataPtr);
  29:../Generated_Code/BitIoLdd1.c **** **         GetVal - bool BitIoLdd1_GetVal(LDD_TDeviceData *DeviceDataPtr);
  30:../Generated_Code/BitIoLdd1.c **** **
  31:../Generated_Code/BitIoLdd1.c **** **     Copyright : 1997 - 2012 Freescale, Inc. All Rights Reserved.
  32:../Generated_Code/BitIoLdd1.c **** **     
  33:../Generated_Code/BitIoLdd1.c **** **     http      : www.freescale.com
  34:../Generated_Code/BitIoLdd1.c **** **     mail      : support@freescale.com
  35:../Generated_Code/BitIoLdd1.c **** ** ###################################################################*/
  36:../Generated_Code/BitIoLdd1.c **** 
  37:../Generated_Code/BitIoLdd1.c **** /* MODULE BitIoLdd1. */
  38:../Generated_Code/BitIoLdd1.c **** 
  39:../Generated_Code/BitIoLdd1.c **** #include "BitIoLdd1.h"
  40:../Generated_Code/BitIoLdd1.c **** 
  41:../Generated_Code/BitIoLdd1.c **** typedef struct {
  42:../Generated_Code/BitIoLdd1.c ****   LDD_TUserData *UserDataPtr;          /* Pointer to user data */
  43:../Generated_Code/BitIoLdd1.c **** } BitIoLdd1_TDeviceData;               /* Device data structure type */
  44:../Generated_Code/BitIoLdd1.c **** 
  45:../Generated_Code/BitIoLdd1.c **** typedef BitIoLdd1_TDeviceData *BitIoLdd1_TDeviceDataPtr ; /* Pointer to the device data structure. 
  46:../Generated_Code/BitIoLdd1.c **** 
  47:../Generated_Code/BitIoLdd1.c **** /* {Default RTOS Adapter} Static object used for simulation of dynamic driver memory allocation */
  48:../Generated_Code/BitIoLdd1.c **** static BitIoLdd1_TDeviceData DeviceDataPrv__DEFAULT_RTOS_ALLOC;
  49:../Generated_Code/BitIoLdd1.c **** /*
  50:../Generated_Code/BitIoLdd1.c **** ** ===================================================================
  51:../Generated_Code/BitIoLdd1.c **** **     Method      :  BitIoLdd1_Init (component BitIO_LDD)
  52:../Generated_Code/BitIoLdd1.c **** **
  53:../Generated_Code/BitIoLdd1.c **** **     Description :
  54:../Generated_Code/BitIoLdd1.c **** **         Initializes the device. Allocates memory for the device data
  55:../Generated_Code/BitIoLdd1.c **** **         structure, allocates interrupt vectors and sets interrupt
  56:../Generated_Code/BitIoLdd1.c **** **         priority, sets pin routing, sets timing, etc. If the "Enable
  57:../Generated_Code/BitIoLdd1.c **** **         in init. code" is set to "yes" value then the device is also
  58:../Generated_Code/BitIoLdd1.c **** **         enabled(see the description of the Enable() method). In this
  59:../Generated_Code/BitIoLdd1.c **** **         case the Enable() method is not necessary and needn't to be
  60:../Generated_Code/BitIoLdd1.c **** **         generated. 
  61:../Generated_Code/BitIoLdd1.c **** **     Parameters  :
  62:../Generated_Code/BitIoLdd1.c **** **         NAME            - DESCRIPTION
  63:../Generated_Code/BitIoLdd1.c **** **       * UserDataPtr     - Pointer to the user or
  64:../Generated_Code/BitIoLdd1.c **** **                           RTOS specific data. This pointer will be
  65:../Generated_Code/BitIoLdd1.c **** **                           passed as an event or callback parameter.
  66:../Generated_Code/BitIoLdd1.c **** **     Returns     :
  67:../Generated_Code/BitIoLdd1.c **** **         ---             - Pointer to the dynamically allocated
  68:../Generated_Code/BitIoLdd1.c **** **                           private structure or NULL if there was an
  69:../Generated_Code/BitIoLdd1.c **** **                           error.
  70:../Generated_Code/BitIoLdd1.c **** ** ===================================================================
  71:../Generated_Code/BitIoLdd1.c **** */
  72:../Generated_Code/BitIoLdd1.c **** LDD_TDeviceData* BitIoLdd1_Init(LDD_TUserData *UserDataPtr)
  73:../Generated_Code/BitIoLdd1.c **** {
  32              		.loc 1 73 0
  33              		.cfi_startproc
  34 0000 80B5     		push	{r7, lr}
  35              	.LCFI0:
  36              		.cfi_def_cfa_offset 8
  37              		.cfi_offset 7, -8
  38              		.cfi_offset 14, -4
  39 0002 84B0     		sub	sp, sp, #16
  40              	.LCFI1:
  41              		.cfi_def_cfa_offset 24
  42 0004 00AF     		add	r7, sp, #0
  43              	.LCFI2:
  44              		.cfi_def_cfa_register 7
  45 0006 7860     		str	r0, [r7, #4]
  74:../Generated_Code/BitIoLdd1.c ****   /* Allocate device structure */
  75:../Generated_Code/BitIoLdd1.c ****   BitIoLdd1_TDeviceDataPtr DeviceDataPrv;
  76:../Generated_Code/BitIoLdd1.c ****   /* {Default RTOS Adapter} Driver memory allocation: Dynamic allocation is simulated by a pointer 
  77:../Generated_Code/BitIoLdd1.c ****   DeviceDataPrv = &DeviceDataPrv__DEFAULT_RTOS_ALLOC;
  46              		.loc 1 77 0
  47 0008 0E4B     		ldr	r3, .L2
  48 000a FB60     		str	r3, [r7, #12]
  78:../Generated_Code/BitIoLdd1.c **** 
  79:../Generated_Code/BitIoLdd1.c ****   DeviceDataPrv->UserDataPtr = UserDataPtr; /* Store the RTOS device structure */
  49              		.loc 1 79 0
  50 000c FB68     		ldr	r3, [r7, #12]
  51 000e 7A68     		ldr	r2, [r7, #4]
  52 0010 1A60     		str	r2, [r3]
  80:../Generated_Code/BitIoLdd1.c **** 
  81:../Generated_Code/BitIoLdd1.c ****   /* Configure pin as input */
  82:../Generated_Code/BitIoLdd1.c ****   /* GPIOC_PDDR: PDD&=~8 */
  83:../Generated_Code/BitIoLdd1.c ****   GPIOC_PDDR &= (uint32_t)~(uint32_t)(GPIO_PDDR_PDD(0x08));                                        
  53              		.loc 1 83 0
  54 0012 0D4B     		ldr	r3, .L2+4
  55 0014 0C4A     		ldr	r2, .L2+4
  56 0016 5269     		ldr	r2, [r2, #20]
  57 0018 0821     		mov	r1, #8
  58 001a 8A43     		bic	r2, r1
  59 001c 5A61     		str	r2, [r3, #20]
  84:../Generated_Code/BitIoLdd1.c **** 
  85:../Generated_Code/BitIoLdd1.c ****   /* Initialization of Port Control register */
  86:../Generated_Code/BitIoLdd1.c ****   /* PORTC_PCR3: ISF=0,MUX=1 */
  87:../Generated_Code/BitIoLdd1.c ****   PORTC_PCR3 = (uint32_t)((PORTC_PCR3 & (uint32_t)~(uint32_t)(
  60              		.loc 1 87 0
  61 001e 0B4B     		ldr	r3, .L2+8
  62 0020 0A4A     		ldr	r2, .L2+8
  63 0022 D268     		ldr	r2, [r2, #12]
  64 0024 111C     		mov	r1, r2
  65 0026 0A4A     		ldr	r2, .L2+12
  66 0028 0A40     		and	r2, r1
  67 002a 8021     		mov	r1, #128
  68 002c 4900     		lsl	r1, r1, #1
  69 002e 0A43     		orr	r2, r1
  70 0030 DA60     		str	r2, [r3, #12]
  88:../Generated_Code/BitIoLdd1.c ****                 PORT_PCR_ISF_MASK |
  89:../Generated_Code/BitIoLdd1.c ****                 PORT_PCR_MUX(0x06)
  90:../Generated_Code/BitIoLdd1.c ****                )) | (uint32_t)(
  91:../Generated_Code/BitIoLdd1.c ****                 PORT_PCR_MUX(0x01)
  92:../Generated_Code/BitIoLdd1.c ****                ));                                                  
  93:../Generated_Code/BitIoLdd1.c ****   /* Registration of the device structure */
  94:../Generated_Code/BitIoLdd1.c ****   PE_LDD_RegisterDeviceStructure(PE_LDD_COMPONENT_BitIoLdd1_ID,DeviceDataPrv);
  71              		.loc 1 94 0
  72 0032 084B     		ldr	r3, .L2+16
  73 0034 FA68     		ldr	r2, [r7, #12]
  74 0036 1A63     		str	r2, [r3, #48]
  95:../Generated_Code/BitIoLdd1.c ****   return ((LDD_TDeviceData *)DeviceDataPrv);
  75              		.loc 1 95 0
  76 0038 FB68     		ldr	r3, [r7, #12]
  96:../Generated_Code/BitIoLdd1.c **** }
  77              		.loc 1 96 0
  78 003a 181C     		mov	r0, r3
  79 003c BD46     		mov	sp, r7
  80 003e 04B0     		add	sp, sp, #16
  81              		@ sp needed for prologue
  82 0040 80BD     		pop	{r7, pc}
  83              	.L3:
  84 0042 C046     		.align	2
  85              	.L2:
  86 0044 00000000 		.word	DeviceDataPrv__DEFAULT_RTOS_ALLOC
  87 0048 80F00F40 		.word	1074786432
  88 004c 00B00440 		.word	1074049024
  89 0050 FFF8FFFE 		.word	-16779009
  90 0054 00000000 		.word	PE_LDD_DeviceDataList
  91              		.cfi_endproc
  92              	.LFE0:
  94              		.section	.text.BitIoLdd1_GetVal,"ax",%progbits
  95              		.align	2
  96              		.global	BitIoLdd1_GetVal
  97              		.code	16
  98              		.thumb_func
 100              	BitIoLdd1_GetVal:
 101              	.LFB1:
  97:../Generated_Code/BitIoLdd1.c **** /*
  98:../Generated_Code/BitIoLdd1.c **** ** ===================================================================
  99:../Generated_Code/BitIoLdd1.c **** **     Method      :  BitIoLdd1_GetVal (component BitIO_LDD)
 100:../Generated_Code/BitIoLdd1.c **** **
 101:../Generated_Code/BitIoLdd1.c **** **     Description :
 102:../Generated_Code/BitIoLdd1.c **** **         Returns the input/output value. If the direction is [input]
 103:../Generated_Code/BitIoLdd1.c **** **         then the input value of the pin is read and returned. If the
 104:../Generated_Code/BitIoLdd1.c **** **         direction is [output] then the last written value is read
 105:../Generated_Code/BitIoLdd1.c **** **         and returned (see <Safe mode> property for limitations).
 106:../Generated_Code/BitIoLdd1.c **** **         This method cannot be disabled if direction is [input].
 107:../Generated_Code/BitIoLdd1.c **** **     Parameters  :
 108:../Generated_Code/BitIoLdd1.c **** **         NAME            - DESCRIPTION
 109:../Generated_Code/BitIoLdd1.c **** **       * DeviceDataPtr   - Device data structure
 110:../Generated_Code/BitIoLdd1.c **** **                           pointer returned by <Init> method.
 111:../Generated_Code/BitIoLdd1.c **** **     Returns     :
 112:../Generated_Code/BitIoLdd1.c **** **         ---             - Input or output value. Possible values:
 113:../Generated_Code/BitIoLdd1.c **** **                           <false> - logical "0" (Low level)
 114:../Generated_Code/BitIoLdd1.c **** **                           <true> - logical "1" (High level)
 115:../Generated_Code/BitIoLdd1.c **** ** ===================================================================
 116:../Generated_Code/BitIoLdd1.c **** */
 117:../Generated_Code/BitIoLdd1.c **** bool BitIoLdd1_GetVal(LDD_TDeviceData *DeviceDataPtr)
 118:../Generated_Code/BitIoLdd1.c **** {
 102              		.loc 1 118 0
 103              		.cfi_startproc
 104 0000 80B5     		push	{r7, lr}
 105              	.LCFI3:
 106              		.cfi_def_cfa_offset 8
 107              		.cfi_offset 7, -8
 108              		.cfi_offset 14, -4
 109 0002 84B0     		sub	sp, sp, #16
 110              	.LCFI4:
 111              		.cfi_def_cfa_offset 24
 112 0004 00AF     		add	r7, sp, #0
 113              	.LCFI5:
 114              		.cfi_def_cfa_register 7
 115 0006 7860     		str	r0, [r7, #4]
 119:../Generated_Code/BitIoLdd1.c ****   uint32_t portData;                   /* Port data masked according to the bit used */
 120:../Generated_Code/BitIoLdd1.c **** 
 121:../Generated_Code/BitIoLdd1.c ****   (void)DeviceDataPtr;                 /* Parameter is not used, suppress unused argument warning *
 122:../Generated_Code/BitIoLdd1.c **** 
 123:../Generated_Code/BitIoLdd1.c ****   portData = GPIO_PDD_GetPortDataInput(BitIoLdd1_MODULE_BASE_ADDRESS) & BitIoLdd1_PORT_MASK;
 116              		.loc 1 123 0
 117 0008 064B     		ldr	r3, .L5
 118 000a 1B69     		ldr	r3, [r3, #16]
 119 000c 1A1C     		mov	r2, r3
 120 000e 0823     		mov	r3, #8
 121 0010 1340     		and	r3, r2
 122 0012 FB60     		str	r3, [r7, #12]
 124:../Generated_Code/BitIoLdd1.c **** 
 125:../Generated_Code/BitIoLdd1.c ****   return (portData != 0U) ? (bool)TRUE : (bool)FALSE;
 123              		.loc 1 125 0
 124 0014 FB68     		ldr	r3, [r7, #12]
 125 0016 5A1E     		sub	r2, r3, #1
 126 0018 9341     		sbc	r3, r3, r2
 127 001a DBB2     		uxtb	r3, r3
 126:../Generated_Code/BitIoLdd1.c **** }
 128              		.loc 1 126 0
 129 001c 181C     		mov	r0, r3
 130 001e BD46     		mov	sp, r7
 131 0020 04B0     		add	sp, sp, #16
 132              		@ sp needed for prologue
 133 0022 80BD     		pop	{r7, pc}
 134              	.L6:
 135              		.align	2
 136              	.L5:
 137 0024 80F00FF8 		.word	-133173120
 138              		.cfi_endproc
 139              	.LFE1:
 141              		.text
 142              	.Letext0:
 143              		.file 2 "C:/Freescale/CW MCU v10.3/MCU/ARM_GCC_Support/ewl/EWL_C/include/cstdint"
 144              		.file 3 "../Generated_Code/PE_Types.h"
 145              		.file 4 "../Generated_Code/IO_Map.h"
 146              		.file 5 "../Generated_Code/PE_LDD.h"
DEFINED SYMBOLS
                            *ABS*:00000000 BitIoLdd1.c
C:\DOCUME~1\chenty\LOCALS~1\Temp\ccoKh3ia.s:18     .bss.DeviceDataPrv__DEFAULT_RTOS_ALLOC:00000000 $d
C:\DOCUME~1\chenty\LOCALS~1\Temp\ccoKh3ia.s:21     .bss.DeviceDataPrv__DEFAULT_RTOS_ALLOC:00000000 DeviceDataPrv__DEFAULT_RTOS_ALLOC
C:\DOCUME~1\chenty\LOCALS~1\Temp\ccoKh3ia.s:24     .text.BitIoLdd1_Init:00000000 $t
C:\DOCUME~1\chenty\LOCALS~1\Temp\ccoKh3ia.s:29     .text.BitIoLdd1_Init:00000000 BitIoLdd1_Init
C:\DOCUME~1\chenty\LOCALS~1\Temp\ccoKh3ia.s:86     .text.BitIoLdd1_Init:00000044 $d
C:\DOCUME~1\chenty\LOCALS~1\Temp\ccoKh3ia.s:95     .text.BitIoLdd1_GetVal:00000000 $t
C:\DOCUME~1\chenty\LOCALS~1\Temp\ccoKh3ia.s:100    .text.BitIoLdd1_GetVal:00000000 BitIoLdd1_GetVal
C:\DOCUME~1\chenty\LOCALS~1\Temp\ccoKh3ia.s:137    .text.BitIoLdd1_GetVal:00000024 $d
                     .debug_frame:00000010 $d

UNDEFINED SYMBOLS
PE_LDD_DeviceDataList
