   1              		.cpu cortex-m0
   2              		.fpu softvfp
   3              		.eabi_attribute 20, 1
   4              		.eabi_attribute 21, 1
   5              		.eabi_attribute 23, 3
   6              		.eabi_attribute 24, 1
   7              		.eabi_attribute 25, 1
   8              		.eabi_attribute 26, 1
   9              		.eabi_attribute 30, 6
  10              		.eabi_attribute 34, 0
  11              		.eabi_attribute 18, 4
  12              		.code	16
  13              		.file	"Processing.c"
  14              		.text
  15              	.Ltext0:
  16              		.cfi_sections	.debug_frame
  17              		.section	.rodata
  18              		.align	2
  19              	.LC0:
  20 0000 25632563 		.ascii	"%c%c\011\000"
  20      0900
  21 0006 0000     		.section	.text.Processing_Interact,"ax",%progbits
  22              		.align	2
  23              		.global	Processing_Interact
  24              		.code	16
  25              		.thumb_func
  27              	Processing_Interact:
  28              	.LFB0:
  29              		.file 1 "../Sources/Processing.c"
   1:../Sources/Processing.c **** /*
   2:../Sources/Processing.c ****  * Processing.c
   3:../Sources/Processing.c ****  *
   4:../Sources/Processing.c ****  *  Created on: May 26, 2013
   5:../Sources/Processing.c ****  *      Author: chenty
   6:../Sources/Processing.c ****  */
   7:../Sources/Processing.c **** #include "stdio.h"
   8:../Sources/Processing.c **** #include "PE_LDD.h"
   9:../Sources/Processing.c **** void Processing_Interact(int16_t Wave0, int16_t Wave1, int16_t Wave2, int16_t Wave3 ){
  30              		.loc 1 9 0
  31              		.cfi_startproc
  32 0000 90B5     		push	{r4, r7, lr}
  33              	.LCFI0:
  34              		.cfi_def_cfa_offset 12
  35              		.cfi_offset 4, -12
  36              		.cfi_offset 7, -8
  37              		.cfi_offset 14, -4
  38 0002 83B0     		sub	sp, sp, #12
  39              	.LCFI1:
  40              		.cfi_def_cfa_offset 24
  41 0004 00AF     		add	r7, sp, #0
  42              	.LCFI2:
  43              		.cfi_def_cfa_register 7
  44 0006 041C     		mov	r4, r0
  45 0008 081C     		mov	r0, r1
  46 000a 111C     		mov	r1, r2
  47 000c 1A1C     		mov	r2, r3
  48 000e BB1D     		add	r3, r7, #6
  49 0010 1C80     		strh	r4, [r3]
  50 0012 3B1D     		add	r3, r7, #4
  51 0014 1880     		strh	r0, [r3]
  52 0016 BB1C     		add	r3, r7, #2
  53 0018 1980     		strh	r1, [r3]
  54 001a 3B1C     		mov	r3, r7
  55 001c 1A80     		strh	r2, [r3]
  10:../Sources/Processing.c **** 	//printf("%c%c\t%c%c\t%c%c\t%c%c\t", Wave0 >> 8, Wave0 & 255, Wave1 >> 8, Wave1 & 255, Wave2 >> 8,
  11:../Sources/Processing.c **** 	printf("%c%c\t",Wave0 >> 8, Wave0 & 255);
  56              		.loc 1 11 0
  57 001e 0A49     		ldr	r1, .L2
  58 0020 BB1D     		add	r3, r7, #6
  59 0022 0022     		mov	r2, #0
  60 0024 9B5E     		ldrsh	r3, [r3, r2]
  61 0026 1B12     		asr	r3, r3, #8
  62 0028 9BB2     		uxth	r3, r3
  63 002a 1AB2     		sxth	r2, r3
  64 002c BB1D     		add	r3, r7, #6
  65 002e 1B88     		ldrh	r3, [r3]
  66 0030 181C     		mov	r0, r3
  67 0032 FF23     		mov	r3, #255
  68 0034 0340     		and	r3, r0
  69 0036 081C     		mov	r0, r1
  70 0038 111C     		mov	r1, r2
  71 003a 1A1C     		mov	r2, r3
  72 003c FFF7FEFF 		bl	printf
  12:../Sources/Processing.c **** 	//printf("A");
  13:../Sources/Processing.c **** }
  73              		.loc 1 13 0
  74 0040 BD46     		mov	sp, r7
  75 0042 03B0     		add	sp, sp, #12
  76              		@ sp needed for prologue
  77 0044 90BD     		pop	{r4, r7, pc}
  78              	.L3:
  79 0046 C046     		.align	2
  80              	.L2:
  81 0048 00000000 		.word	.LC0
  82              		.cfi_endproc
  83              	.LFE0:
  85              		.text
  86              	.Letext0:
  87              		.file 2 "C:/Freescale/CW MCU v10.3/MCU/ARM_GCC_Support/ewl/EWL_C/include/cstdint"
DEFINED SYMBOLS
                            *ABS*:00000000 Processing.c
C:\DOCUME~1\chenty\LOCALS~1\Temp\ccVRF56L.s:18     .rodata:00000000 $d
C:\DOCUME~1\chenty\LOCALS~1\Temp\ccVRF56L.s:22     .text.Processing_Interact:00000000 $t
C:\DOCUME~1\chenty\LOCALS~1\Temp\ccVRF56L.s:27     .text.Processing_Interact:00000000 Processing_Interact
C:\DOCUME~1\chenty\LOCALS~1\Temp\ccVRF56L.s:81     .text.Processing_Interact:00000048 $d
                     .debug_frame:00000010 $d

UNDEFINED SYMBOLS
printf
